Build started 6/11/2014 3:32:47 PM.
     1>Project "\\cs1\CS_Students\msherve16\CS172\Homework 5\homework 5c\homework 5c\homework 5c.vcxproj" on node 2 (Build target(s)).
     1>ClCompile:
         C:\Program Files (x86)\Microsoft Visual Studio 11.0\VC\bin\CL.exe /c /ZI /nologo /W3 /WX- /Od /Oy- /D WIN32 /D _DEBUG /D _CONSOLE /D _UNICODE /D UNICODE /Gm /EHsc /RTC1 /MDd /GS /fp:precise /Zc:wchar_t /Zc:forScope /Fo"Debug\\" /Fd"Debug\vc110.pdb" /Gd /TP /analyze- /errorReport:prompt Source.cpp
         Source.cpp
     1>\\cs1\cs_students\msherve16\cs172\homework 5\homework 5c\homework 5c\source.cpp(17): error C2864: 'vector<T>::capacity' : only static const integral data members can be initialized within a class
                 \\cs1\cs_students\msherve16\cs172\homework 5\homework 5c\homework 5c\source.cpp(99) : see reference to class template instantiation 'vector<T>' being compiled
     1>\\cs1\cs_students\msherve16\cs172\homework 5\homework 5c\homework 5c\source.cpp(44): error C4430: missing type specifier - int assumed. Note: C++ does not support default-int
     1>\\cs1\cs_students\msherve16\cs172\homework 5\homework 5c\homework 5c\source.cpp(44): error C2931: 'vector<T>' : template-class-id redefined as a member function of 'vector<T>'
                 with
                 [
                     T=int
                 ]
     1>\\cs1\cs_students\msherve16\cs172\homework 5\homework 5c\homework 5c\source.cpp(44): warning C4183: 'vector<int>': missing return type; assumed to be a member function returning 'int'
     1>\\cs1\cs_students\msherve16\cs172\homework 5\homework 5c\homework 5c\source.cpp(46): error C4430: missing type specifier - int assumed. Note: C++ does not support default-int
     1>\\cs1\cs_students\msherve16\cs172\homework 5\homework 5c\homework 5c\source.cpp(46): error C2931: 'vector<T>' : template-class-id redefined as a member function of 'vector<T>'
                 with
                 [
                     T=int
                 ]
     1>\\cs1\cs_students\msherve16\cs172\homework 5\homework 5c\homework 5c\source.cpp(46): warning C4183: 'vector<int>': missing return type; assumed to be a member function returning 'int'
     1>\\cs1\cs_students\msherve16\cs172\homework 5\homework 5c\homework 5c\source.cpp(17): error C2864: 'vector<T>::capacity' : only static const integral data members can be initialized within a class
                 with
                 [
                     T=int
                 ]
                 \\cs1\cs_students\msherve16\cs172\homework 5\homework 5c\homework 5c\source.cpp(105) : see reference to class template instantiation 'vector<T>' being compiled
                 with
                 [
                     T=int
                 ]
     1>Done Building Project "\\cs1\CS_Students\msherve16\CS172\Homework 5\homework 5c\homework 5c\homework 5c.vcxproj" (Build target(s)) -- FAILED.

Build FAILED.

Time Elapsed 00:00:01.08
